# JRE version: OpenJDK Runtime Environment Temurin-21.0.2+13 (21.0.2+13) (build 21.0.2+13-LTS)
# Java VM: OpenJDK 64-Bit Server VM Temurin-21.0.2+13 (21.0.2+13-LTS, mixed mode, emulated-client, sharing, tiered, compressed oops, compressed class ptrs, g1 gc, windows-amd64)
GC Precious Log:
 CardTable entry size: 512
 Card Set container configuration: InlinePtr #cards 5 size 8 Array Of Cards #cards 12 size 40 Howl #buckets 4 coarsen threshold 1843 Howl Bitmap #cards 512 size 80 coarsen threshold 460 Card regions per heap region 1 cards per card region 2048
 CPUs: 8 total, 8 available
 Memory: 7778M
 Large Page Support: Disabled
 NUMA Support: Disabled
 Compressed Oops: Enabled (32-bit)
 Heap Region Size: 1M
 Heap Min Capacity: 8M
 Heap Initial Capacity: 122M
 Heap Max Capacity: 1946M
 Pre-touch: Disabled
 Parallel Workers: 8
 Concurrent Workers: 2
 Concurrent Refinement Workers: 8
 Periodic GC: Disabled
Heap:
 garbage-first heap   total 65536K, used 55656K [0x0000000086600000, 0x0000000100000000)
  region size 1024K, 33 young (33792K), 1 survivors (1024K)
 Metaspace       used 49031K, committed 49792K, reserved 1114112K
  class space    used 6468K, committed 6784K, reserved 1048576K
GC Heap History (20 events):
Event: 50682.748 GC heap after
{Heap after GC invocations=162 (full 21):
 garbage-first heap   total 65536K, used 19828K [0x0000000086600000, 0x0000000100000000)
  region size 1024K, 0 young (0K), 0 survivors (0K)
 Metaspace       used 48746K, committed 49600K, reserved 1114112K
  class space    used 6435K, committed 6720K, reserved 1048576K
}
Event: 50683.177 GC heap before
{Heap before GC invocations=162 (full 21):
 garbage-first heap   total 65536K, used 53620K [0x0000000086600000, 0x0000000100000000)
  region size 1024K, 34 young (34816K), 0 survivors (0K)
 Metaspace       used 48790K, committed 49600K, reserved 1114112K
  class space    used 6445K, committed 6720K, reserved 1048576K
}
Event: 50683.180 GC heap after
{Heap after GC invocations=163 (full 21):
 garbage-first heap   total 65536K, used 22769K [0x0000000086600000, 0x0000000100000000)
  region size 1024K, 3 young (3072K), 3 survivors (3072K)
 Metaspace       used 48790K, committed 49600K, reserved 1114112K
  class space    used 6445K, committed 6720K, reserved 1048576K
}
Event: 50688.907 GC heap before
{Heap before GC invocations=164 (full 21):
 garbage-first heap   total 65536K, used 51441K [0x0000000086600000, 0x0000000100000000)
  region size 1024K, 33 young (33792K), 3 survivors (3072K)
 Metaspace       used 48845K, committed 49600K, reserved 1114112K
  class space    used 6451K, committed 6720K, reserved 1048576K
}
Event: 50688.942 GC heap after
{Heap after GC invocations=165 (full 22):
 garbage-first heap   total 65536K, used 19955K [0x0000000086600000, 0x0000000100000000)
  region size 1024K, 0 young (0K), 0 survivors (0K)
 Metaspace       used 48839K, committed 49600K, reserved 1114112K
  class space    used 6450K, committed 6720K, reserved 1048576K
}
Event: 50689.346 GC heap before
{Heap before GC invocations=165 (full 22):
 garbage-first heap   total 65536K, used 54771K [0x0000000086600000, 0x0000000100000000)
  region size 1024K, 34 young (34816K), 0 survivors (0K)
 Metaspace       used 48884K, committed 49664K, reserved 1114112K
  class space    used 6459K, committed 6784K, reserved 1048576K
}
Event: 50689.348 GC heap after
{Heap after GC invocations=166 (full 22):
 garbage-first heap   total 65536K, used 22899K [0x0000000086600000, 0x0000000100000000)
  region size 1024K, 3 young (3072K), 3 survivors (3072K)
 Metaspace       used 48884K, committed 49664K, reserved 1114112K
  class space    used 6459K, committed 6784K, reserved 1048576K
}
Event: 50705.963 GC heap before
{Heap before GC invocations=167 (full 22):
 garbage-first heap   total 65536K, used 54643K [0x0000000086600000, 0x0000000100000000)
  region size 1024K, 35 young (35840K), 3 survivors (3072K)
 Metaspace       used 48932K, committed 49664K, reserved 1114112K
  class space    used 6463K, committed 6784K, reserved 1048576K
}
Event: 50705.965 GC heap after
{Heap after GC invocations=168 (full 22):
 garbage-first heap   total 65536K, used 23947K [0x0000000086600000, 0x0000000100000000)
  region size 1024K, 2 young (2048K), 2 survivors (2048K)
 Metaspace       used 48932K, committed 49664K, reserved 1114112K
  class space    used 6463K, committed 6784K, reserved 1048576K
}
Event: 50725.728 GC heap before
{Heap before GC invocations=168 (full 22):
 garbage-first heap   total 65536K, used 30091K [0x0000000086600000, 0x0000000100000000)
  region size 1024K, 9 young (9216K), 2 survivors (2048K)
 Metaspace       used 48935K, committed 49664K, reserved 1114112K
  class space    used 6463K, committed 6784K, reserved 1048576K
}
Event: 50725.776 GC heap after
{Heap after GC invocations=169 (full 23):
 garbage-first heap   total 65536K, used 19936K [0x0000000086600000, 0x0000000100000000)
  region size 1024K, 0 young (0K), 0 survivors (0K)
 Metaspace       used 48831K, committed 49664K, reserved 1114112K
  class space    used 6436K, committed 6784K, reserved 1048576K
}
Event: 50726.385 GC heap before
{Heap before GC invocations=169 (full 23):
 garbage-first heap   total 65536K, used 55776K [0x0000000086600000, 0x0000000100000000)
  region size 1024K, 35 young (35840K), 0 survivors (0K)
 Metaspace       used 48876K, committed 49664K, reserved 1114112K
  class space    used 6445K, committed 6784K, reserved 1048576K
}
Event: 50726.387 GC heap after
{Heap after GC invocations=170 (full 23):
 garbage-first heap   total 65536K, used 23186K [0x0000000086600000, 0x0000000100000000)
  region size 1024K, 4 young (4096K), 4 survivors (4096K)
 Metaspace       used 48876K, committed 49664K, reserved 1114112K
  class space    used 6445K, committed 6784K, reserved 1048576K
}
Event: 50743.533 GC heap before
{Heap before GC invocations=171 (full 23):
 garbage-first heap   total 65536K, used 53906K [0x0000000086600000, 0x0000000100000000)
  region size 1024K, 35 young (35840K), 4 survivors (4096K)
 Metaspace       used 48930K, committed 49664K, reserved 1114112K
  class space    used 6450K, committed 6784K, reserved 1048576K
}
Event: 50743.540 GC heap after
{Heap after GC invocations=172 (full 23):
 garbage-first heap   total 65536K, used 24041K [0x0000000086600000, 0x0000000100000000)
  region size 1024K, 2 young (2048K), 2 survivors (2048K)
 Metaspace       used 48930K, committed 49664K, reserved 1114112K
  class space    used 6450K, committed 6784K, reserved 1048576K
}
Event: 50785.220 GC heap before
{Heap before GC invocations=172 (full 23):
 garbage-first heap   total 65536K, used 36329K [0x0000000086600000, 0x0000000100000000)
  region size 1024K, 15 young (15360K), 2 survivors (2048K)
 Metaspace       used 48936K, committed 49664K, reserved 1114112K
  class space    used 6452K, committed 6784K, reserved 1048576K
}
Event: 50785.257 GC heap after
{Heap after GC invocations=173 (full 24):
 garbage-first heap   total 65536K, used 19838K [0x0000000086600000, 0x0000000100000000)
  region size 1024K, 0 young (0K), 0 survivors (0K)
 Metaspace       used 48929K, committed 49664K, reserved 1114112K
  class space    used 6451K, committed 6784K, reserved 1048576K
}
Event: 50785.710 GC heap before
{Heap before GC invocations=173 (full 24):
 garbage-first heap   total 65536K, used 54654K [0x0000000086600000, 0x0000000100000000)
  region size 1024K, 35 young (35840K), 0 survivors (0K)
 Metaspace       used 48973K, committed 49728K, reserved 1114112K
  class space    used 6460K, committed 6784K, reserved 1048576K
}
Event: 50785.713 GC heap after
{Heap after GC invocations=174 (full 24):
 garbage-first heap   total 65536K, used 22888K [0x0000000086600000, 0x0000000100000000)
  region size 1024K, 3 young (3072K), 3 survivors (3072K)
 Metaspace       used 48973K, committed 49728K, reserved 1114112K
  class space    used 6460K, committed 6784K, reserved 1048576K
}
Event: 50880.233 GC heap before
{Heap before GC invocations=175 (full 24):
 garbage-first heap   total 65536K, used 55656K [0x0000000086600000, 0x0000000100000000)
  region size 1024K, 35 young (35840K), 3 survivors (3072K)
 Metaspace       used 49031K, committed 49792K, reserved 1114112K
  class space    used 6468K, committed 6784K, reserved 1048576K
}

