# JRE version: OpenJDK Runtime Environment Temurin-21.0.2+13 (21.0.2+13) (build 21.0.2+13-LTS)
# Java VM: OpenJDK 64-Bit Server VM Temurin-21.0.2+13 (21.0.2+13-LTS, mixed mode, emulated-client, sharing, tiered, compressed oops, compressed class ptrs, g1 gc, windows-amd64)
GC Precious Log:
 CardTable entry size: 512
 Card Set container configuration: InlinePtr #cards 5 size 8 Array Of Cards #cards 12 size 40 Howl #buckets 4 coarsen threshold 1843 Howl Bitmap #cards 512 size 80 coarsen threshold 460 Card regions per heap region 1 cards per card region 2048
 CPUs: 8 total, 8 available
 Memory: 7778M
 Large Page Support: Disabled
 NUMA Support: Disabled
 Compressed Oops: Enabled (32-bit)
 Heap Region Size: 1M
 Heap Min Capacity: 8M
 Heap Initial Capacity: 122M
 Heap Max Capacity: 1946M
 Pre-touch: Disabled
 Parallel Workers: 8
 Concurrent Workers: 2
 Concurrent Refinement Workers: 8
 Periodic GC: Disabled
Heap:
 garbage-first heap   total 73728K, used 33802K [0x0000000086600000, 0x0000000100000000)
  region size 1024K, 8 young (8192K), 2 survivors (2048K)
 Metaspace       used 51312K, committed 52224K, reserved 1114112K
  class space    used 6729K, committed 7168K, reserved 1048576K
GC Heap History (20 events):
Event: 90588.665 GC heap before
{Heap before GC invocations=131 (full 27):
 garbage-first heap   total 73728K, used 66113K [0x0000000086600000, 0x0000000100000000)
  region size 1024K, 37 young (37888K), 1 survivors (1024K)
 Metaspace       used 50949K, committed 52160K, reserved 1114112K
  class space    used 6677K, committed 7168K, reserved 1048576K
}
Event: 90588.681 GC heap after
{Heap after GC invocations=132 (full 27):
 garbage-first heap   total 73728K, used 29276K [0x0000000086600000, 0x0000000100000000)
  region size 1024K, 1 young (1024K), 1 survivors (1024K)
 Metaspace       used 50949K, committed 52160K, reserved 1114112K
  class space    used 6677K, committed 7168K, reserved 1048576K
}
Event: 91116.861 GC heap before
{Heap before GC invocations=132 (full 27):
 garbage-first heap   total 73728K, used 66140K [0x0000000086600000, 0x0000000100000000)
  region size 1024K, 37 young (37888K), 1 survivors (1024K)
 Metaspace       used 50994K, committed 52160K, reserved 1114112K
  class space    used 6685K, committed 7168K, reserved 1048576K
}
Event: 91116.902 GC heap after
{Heap after GC invocations=133 (full 27):
 garbage-first heap   total 73728K, used 29278K [0x0000000086600000, 0x0000000100000000)
  region size 1024K, 1 young (1024K), 1 survivors (1024K)
 Metaspace       used 50994K, committed 52160K, reserved 1114112K
  class space    used 6685K, committed 7168K, reserved 1048576K
}
Event: 91652.061 GC heap before
{Heap before GC invocations=134 (full 27):
 garbage-first heap   total 73728K, used 66142K [0x0000000086600000, 0x0000000100000000)
  region size 1024K, 37 young (37888K), 1 survivors (1024K)
 Metaspace       used 50994K, committed 52160K, reserved 1114112K
  class space    used 6685K, committed 7168K, reserved 1048576K
}
Event: 91652.070 GC heap after
{Heap after GC invocations=135 (full 27):
 garbage-first heap   total 73728K, used 29195K [0x0000000086600000, 0x0000000100000000)
  region size 1024K, 1 young (1024K), 1 survivors (1024K)
 Metaspace       used 50994K, committed 52160K, reserved 1114112K
  class space    used 6685K, committed 7168K, reserved 1048576K
}
Event: 94306.382 GC heap before
{Heap before GC invocations=135 (full 27):
 garbage-first heap   total 73728K, used 66059K [0x0000000086600000, 0x0000000100000000)
  region size 1024K, 37 young (37888K), 1 survivors (1024K)
 Metaspace       used 50994K, committed 52160K, reserved 1114112K
  class space    used 6685K, committed 7168K, reserved 1048576K
}
Event: 94306.459 GC heap after
{Heap after GC invocations=136 (full 27):
 garbage-first heap   total 73728K, used 28463K [0x0000000086600000, 0x0000000100000000)
  region size 1024K, 1 young (1024K), 1 survivors (1024K)
 Metaspace       used 50994K, committed 52160K, reserved 1114112K
  class space    used 6685K, committed 7168K, reserved 1048576K
}
Event: 94724.067 GC heap before
{Heap before GC invocations=136 (full 27):
 garbage-first heap   total 73728K, used 66351K [0x0000000086600000, 0x0000000100000000)
  region size 1024K, 38 young (38912K), 1 survivors (1024K)
 Metaspace       used 51080K, committed 52160K, reserved 1114112K
  class space    used 6705K, committed 7168K, reserved 1048576K
}
Event: 94724.089 GC heap after
{Heap after GC invocations=137 (full 27):
 garbage-first heap   total 73728K, used 28952K [0x0000000086600000, 0x0000000100000000)
  region size 1024K, 2 young (2048K), 2 survivors (2048K)
 Metaspace       used 51080K, committed 52160K, reserved 1114112K
  class space    used 6705K, committed 7168K, reserved 1048576K
}
Event: 95011.251 GC heap before
{Heap before GC invocations=138 (full 27):
 garbage-first heap   total 73728K, used 49432K [0x0000000086600000, 0x0000000100000000)
  region size 1024K, 23 young (23552K), 2 survivors (2048K)
 Metaspace       used 51100K, committed 52160K, reserved 1114112K
  class space    used 6708K, committed 7168K, reserved 1048576K
}
Event: 95011.431 GC heap after
{Heap after GC invocations=139 (full 28):
 garbage-first heap   total 73728K, used 23496K [0x0000000086600000, 0x0000000100000000)
  region size 1024K, 0 young (0K), 0 survivors (0K)
 Metaspace       used 50892K, committed 52096K, reserved 1114112K
  class space    used 6667K, committed 7168K, reserved 1048576K
}
Event: 95012.953 GC heap before
{Heap before GC invocations=139 (full 28):
 garbage-first heap   total 73728K, used 64456K [0x0000000086600000, 0x0000000100000000)
  region size 1024K, 41 young (41984K), 0 survivors (0K)
 Metaspace       used 51035K, committed 52096K, reserved 1114112K
  class space    used 6702K, committed 7168K, reserved 1048576K
}
Event: 95012.960 GC heap after
{Heap after GC invocations=140 (full 28):
 garbage-first heap   total 73728K, used 27632K [0x0000000086600000, 0x0000000100000000)
  region size 1024K, 5 young (5120K), 5 survivors (5120K)
 Metaspace       used 51035K, committed 52096K, reserved 1114112K
  class space    used 6702K, committed 7168K, reserved 1048576K
}
Event: 95022.027 GC heap before
{Heap before GC invocations=141 (full 28):
 garbage-first heap   total 73728K, used 54256K [0x0000000086600000, 0x0000000100000000)
  region size 1024K, 33 young (33792K), 5 survivors (5120K)
 Metaspace       used 51216K, committed 52096K, reserved 1114112K
  class space    used 6726K, committed 7168K, reserved 1048576K
}
Event: 95022.096 GC heap after
{Heap after GC invocations=142 (full 29):
 garbage-first heap   total 73728K, used 24560K [0x0000000086600000, 0x0000000100000000)
  region size 1024K, 0 young (0K), 0 survivors (0K)
 Metaspace       used 51140K, committed 52096K, reserved 1114112K
  class space    used 6708K, committed 7168K, reserved 1048576K
}
Event: 95022.914 GC heap before
{Heap before GC invocations=142 (full 29):
 garbage-first heap   total 73728K, used 64496K [0x0000000086600000, 0x0000000100000000)
  region size 1024K, 40 young (40960K), 0 survivors (0K)
 Metaspace       used 51194K, committed 52096K, reserved 1114112K
  class space    used 6717K, committed 7168K, reserved 1048576K
}
Event: 95022.917 GC heap after
{Heap after GC invocations=143 (full 29):
 garbage-first heap   total 73728K, used 27612K [0x0000000086600000, 0x0000000100000000)
  region size 1024K, 3 young (3072K), 3 survivors (3072K)
 Metaspace       used 51194K, committed 52096K, reserved 1114112K
  class space    used 6717K, committed 7168K, reserved 1048576K
}
Event: 95217.106 GC heap before
{Heap before GC invocations=144 (full 29):
 garbage-first heap   total 73728K, used 62428K [0x0000000086600000, 0x0000000100000000)
  region size 1024K, 38 young (38912K), 3 survivors (3072K)
 Metaspace       used 51248K, committed 52160K, reserved 1114112K
  class space    used 6722K, committed 7168K, reserved 1048576K
}
Event: 95217.114 GC heap after
{Heap after GC invocations=145 (full 29):
 garbage-first heap   total 73728K, used 28682K [0x0000000086600000, 0x0000000100000000)
  region size 1024K, 2 young (2048K), 2 survivors (2048K)
 Metaspace       used 51248K, committed 52160K, reserved 1114112K
  class space    used 6722K, committed 7168K, reserved 1048576K
}

